[ +393 ms] Artifact Instance of 'MaterialFonts' is not required, skipping update.
[        ] Artifact Instance of 'GradleWrapper' is not required, skipping update.
[        ] Artifact Instance of 'AndroidGenSnapshotArtifacts' is not required, skipping update.
[        ] Artifact Instance of 'AndroidInternalBuildArtifacts' is not required, skipping update.
[        ] Artifact Instance of 'IOSEngineArtifacts' is not required, skipping update.
[        ] Artifact Instance of 'FlutterWebSdk' is not required, skipping update.
[        ] Artifact Instance of 'LegacyCanvasKitRemover' is not required, skipping update.
[        ] Artifact Instance of 'FlutterSdk' is not required, skipping update.
[        ] Artifact Instance of 'WindowsEngineArtifacts' is not required, skipping update.
[        ] Artifact Instance of 'MacOSEngineArtifacts' is not required, skipping update.
[        ] Artifact Instance of 'LinuxEngineArtifacts' is not required, skipping update.
[        ] Artifact Instance of 'LinuxFuchsiaSDKArtifacts' is not required, skipping update.
[        ] Artifact Instance of 'MacOSFuchsiaSDKArtifacts' is not required, skipping update.
[        ] Artifact Instance of 'FlutterRunnerSDKArtifacts' is not required, skipping update.
[        ] Artifact Instance of 'FlutterRunnerDebugSymbols' is not required, skipping update.
[        ] Artifact Instance of 'IosUsbArtifacts' is not required, skipping update.
[        ] Artifact Instance of 'IosUsbArtifacts' is not required, skipping update.
[        ] Artifact Instance of 'IosUsbArtifacts' is not required, skipping update.
[        ] Artifact Instance of 'IosUsbArtifacts' is not required, skipping update.
[        ] Artifact Instance of 'IosUsbArtifacts' is not required, skipping update.
[        ] Artifact Instance of 'IosUsbArtifacts' is not required, skipping update.
[        ] Artifact Instance of 'FontSubsetArtifacts' is not required, skipping update.
[        ] Artifact Instance of 'PubDependencies' is not required, skipping update.
[        ] executing: [C:\flutter/] git -c log.showSignature=false log HEAD -n 1 --pretty=format:%ad --date=iso
[  +57 ms] Exit code 0 from: git -c log.showSignature=false log HEAD -n 1 --pretty=format:%ad --date=iso
[        ] 2025-11-20 17:53:13 -0500
[   +9 ms] Artifact Instance of 'AndroidGenSnapshotArtifacts' is not required, skipping update.
[        ] Artifact Instance of 'AndroidInternalBuildArtifacts' is not required, skipping update.
[        ] Artifact Instance of 'IOSEngineArtifacts' is not required, skipping update.
[        ] Artifact Instance of 'FlutterWebSdk' is not required, skipping update.
[        ] Artifact Instance of 'FlutterEngineStamp' is not required, skipping update.
[        ] Artifact Instance of 'LegacyCanvasKitRemover' is not required, skipping update.
[   +1 ms] Artifact Instance of 'WindowsEngineArtifacts' is not required, skipping update.
[        ] Artifact Instance of 'MacOSEngineArtifacts' is not required, skipping update.
[        ] Artifact Instance of 'LinuxEngineArtifacts' is not required, skipping update.
[        ] Artifact Instance of 'LinuxFuchsiaSDKArtifacts' is not required, skipping update.
[        ] Artifact Instance of 'MacOSFuchsiaSDKArtifacts' is not required, skipping update.
[        ] Artifact Instance of 'FlutterRunnerSDKArtifacts' is not required, skipping update.
[        ] Artifact Instance of 'FlutterRunnerDebugSymbols' is not required, skipping update.
[  +41 ms] Artifact Instance of 'MaterialFonts' is not required, skipping update.
[        ] Artifact Instance of 'GradleWrapper' is not required, skipping update.
[   +1 ms] Artifact Instance of 'AndroidInternalBuildArtifacts' is not required, skipping update.
[        ] Artifact Instance of 'IOSEngineArtifacts' is not required, skipping update.
[        ] Artifact Instance of 'FlutterWebSdk' is not required, skipping update.
[        ] Artifact Instance of 'FlutterEngineStamp' is not required, skipping update.
[        ] Artifact Instance of 'LegacyCanvasKitRemover' is not required, skipping update.
[        ] Artifact Instance of 'FlutterSdk' is not required, skipping update.
[        ] Artifact Instance of 'WindowsEngineArtifacts' is not required, skipping update.
[        ] Artifact Instance of 'MacOSEngineArtifacts' is not required, skipping update.
[        ] Artifact Instance of 'LinuxEngineArtifacts' is not required, skipping update.
[        ] Artifact Instance of 'LinuxFuchsiaSDKArtifacts' is not required, skipping update.
[        ] Artifact Instance of 'MacOSFuchsiaSDKArtifacts' is not required, skipping update.
[        ] Artifact Instance of 'FlutterRunnerSDKArtifacts' is not required, skipping update.
[        ] Artifact Instance of 'FlutterRunnerDebugSymbols' is not required, skipping update.
[        ] Artifact Instance of 'IosUsbArtifacts' is not required, skipping update.
[        ] Artifact Instance of 'IosUsbArtifacts' is not required, skipping update.
[        ] Artifact Instance of 'IosUsbArtifacts' is not required, skipping update.
[        ] Artifact Instance of 'IosUsbArtifacts' is not required, skipping update.
[        ] Artifact Instance of 'IosUsbArtifacts' is not required, skipping update.
[        ] Artifact Instance of 'IosUsbArtifacts' is not required, skipping update.
[        ] Artifact Instance of 'FontSubsetArtifacts' is not required, skipping update.
[        ] Artifact Instance of 'PubDependencies' is not required, skipping update.
[  +53 ms] Skipping pub get: version match.
[  +91 ms] Found plugin path_provider at C:\Users\adiri\AppData\Local\Pub\Cache\hosted\pub.dev\path_provider-2.1.5\
[   +4 ms] Found plugin path_provider_windows at C:\Users\adiri\AppData\Local\Pub\Cache\hosted\pub.dev\path_provider_windows-2.3.0\
[   +9 ms] Found plugin path_provider_linux at C:\Users\adiri\AppData\Local\Pub\Cache\hosted\pub.dev\path_provider_linux-2.2.1\
[   +3 ms] Found plugin path_provider_foundation at C:\Users\adiri\AppData\Local\Pub\Cache\hosted\pub.dev\path_provider_foundation-2.5.1\
[   +2 ms] Found plugin path_provider_android at C:\Users\adiri\AppData\Local\Pub\Cache\hosted\pub.dev\path_provider_android-2.2.22\
[  +73 ms] Found plugin path_provider at C:\Users\adiri\AppData\Local\Pub\Cache\hosted\pub.dev\path_provider-2.1.5\
[   +1 ms] Found plugin path_provider_windows at C:\Users\adiri\AppData\Local\Pub\Cache\hosted\pub.dev\path_provider_windows-2.3.0\
[   +9 ms] Found plugin path_provider_linux at C:\Users\adiri\AppData\Local\Pub\Cache\hosted\pub.dev\path_provider_linux-2.2.1\
[   +2 ms] Found plugin path_provider_foundation at C:\Users\adiri\AppData\Local\Pub\Cache\hosted\pub.dev\path_provider_foundation-2.5.1\
[   +1 ms] Found plugin path_provider_android at C:\Users\adiri\AppData\Local\Pub\Cache\hosted\pub.dev\path_provider_android-2.2.22\
[  +13 ms] Skipping generating web_plugin_registrant.dart because it is up-to-date.
[  +38 ms] Found plugin path_provider at C:\Users\adiri\AppData\Local\Pub\Cache\hosted\pub.dev\path_provider-2.1.5\
[   +2 ms] Found plugin path_provider_windows at C:\Users\adiri\AppData\Local\Pub\Cache\hosted\pub.dev\path_provider_windows-2.3.0\
[   +4 ms] Found plugin path_provider_linux at C:\Users\adiri\AppData\Local\Pub\Cache\hosted\pub.dev\path_provider_linux-2.2.1\
[   +1 ms] Found plugin path_provider_foundation at C:\Users\adiri\AppData\Local\Pub\Cache\hosted\pub.dev\path_provider_foundation-2.5.1\
[        ] Found plugin path_provider_android at C:\Users\adiri\AppData\Local\Pub\Cache\hosted\pub.dev\path_provider_android-2.2.22\
[   +7 ms] Generating C:\Users\adiri\Documents\My Files\SIDE PROJECTS\HABITU\my_app\android\app\src\main\java\io\flutter\plugins\GeneratedPluginRegistrant.java
[   +4 ms] Skipping generating GeneratedPluginRegistrant.java because it is up-to-date.
[   +2 ms] Skipping generating generated_plugin_registrant.h because it is up-to-date.
[        ] Skipping generating generated_plugin_registrant.cc because it is up-to-date.
[   +1 ms] Skipping generating generated_plugins.cmake because it is up-to-date.
[   +1 ms] Skipping generating generated_plugin_registrant.h because it is up-to-date.
[        ] Skipping generating generated_plugin_registrant.cc because it is up-to-date.
[   +1 ms] Skipping generating generated_plugins.cmake because it is up-to-date.
[   +1 ms] Skipping generating GeneratedPluginRegistrant.h because it is up-to-date.
[        ] Skipping generating GeneratedPluginRegistrant.m because it is up-to-date.
[   +1 ms] Skipping generating GeneratedPluginRegistrant.swift because it is up-to-date.
[  +85 ms] executing: C:\Program Files\Android\Android Studio\jbr\bin\java -version
[ +105 ms] Exit code 0 from: C:\Program Files\Android\Android Studio\jbr\bin\java -version
[        ] openjdk version "21.0.8" 2025-07-15
           OpenJDK Runtime Environment (build 21.0.8+-14196175-b1038.72)
           OpenJDK 64-Bit Server VM (build 21.0.8+-14196175-b1038.72, mixed mode)
[   +6 ms] Top-level Gradle build file not found, skipping migration of task "clean".
[   +1 ms] executing: C:\Program Files\Android\Android Studio\jbr\bin\java --version
[ +104 ms] Exit code 0 from: C:\Program Files\Android\Android Studio\jbr\bin\java --version
[        ] openjdk 21.0.8 2025-07-15
           OpenJDK Runtime Environment (build 21.0.8+-14196175-b1038.72)
           OpenJDK 64-Bit Server VM (build 21.0.8+-14196175-b1038.72, mixed mode)
[   +1 ms] Version of Java is different than impacted version, no migration attempted.
[   +9 ms] CMake project not found, skipping support Android 15 16k page size migration.
[   +4 ms] Using gradle from C:\Users\adiri\Documents\My Files\SIDE PROJECTS\HABITU\my_app\android\gradlew.bat.
[   +7 ms] LocalFile: 'C:\Users\adiri\Documents\My Files\SIDE PROJECTS\HABITU\my_app\android\build.gradle.kts' doesn't provide an AGP version. Checking settings.
[        ] LocalFile: 'C:\Users\adiri\Documents\My Files\SIDE PROJECTS\HABITU\my_app\android\settings.gradle.kts' provides AGP version: 8.11.1
[   +2 ms] Running Gradle task 'assembleDebug'...
[        ] executing: [C:\Users\adiri\Documents\My Files\SIDE PROJECTS\HABITU\my_app\android/] C:\Users\adiri\Documents\My Files\SIDE PROJECTS\HABITU\my_app\android\gradlew.bat --full-stacktrace --info -Pverbose=true -Ptarget-platform=android-arm,android-arm64,android-x64 -Ptarget=lib\main.dart -Pbase-application-name=android.app.Application -Pdart-defines=RkxVVFRFUl9WRVJTSU9OPTMuMzguMw==,RkxVVFRFUl9DSEFOTkVMPXN0YWJsZQ==,RkxVVFRFUl9HSVRfVVJMPWh0dHBzOi8vZ2l0aHViLmNvbS9mbHV0dGVyL2ZsdXR0ZXIuZ2l0,RkxVVFRFUl9GUkFNRVdPUktfUkVWSVNJT049MTkwNzRkMTJmNw==,RkxVVFRFUl9FTkdJTkVfUkVWSVNJT049MTNlNjU4NzI1ZA==,RkxVVFRFUl9EQVJUX1ZFUlNJT049My4xMC4x -Pdart-obfuscation=false -Ptrack-widget-creation=true -Ptree-shake-icons=false assembleDebug
[ +650 ms] Initialized native services in: C:\Users\adiri\.gradle\native
[   +1 ms] Initialized jansi services in: C:\Users\adiri\.gradle\native
[ +322 ms] Found daemon DaemonInfo{pid=19596, address=[816038a0-08cb-40b1-901f-34d1c1153623 port:43892, addresses:[/127.0.0.1]], state=Idle, lastBusy=1765030649035, context=DefaultDaemonContext[uid=c54ccfa8-f333-47d3-9892-bcc90aa19e9d,javaHome=C:\Program Files\Eclipse Adoptium\jdk-17.0.17.10-hotspot,javaVersion=17,javaVendor=Eclipse Adoptium,daemonRegistryDir=C:\Users\adiri\.gradle\daemon,pid=19596,idleTimeout=10800000,priority=NORMAL,applyInstrumentationAgent=true,nativeServicesMode=ENABLED,daemonOpts=-XX:MaxMetaspaceSize=4G,-XX:ReservedCodeCacheSize=512m,-XX:+HeapDumpOnOutOfMemoryError,-Xmx8G,-Dfile.encoding=windows-1252,-Duser.country=FR,-Duser.language=fr,-Duser.variant]} however its context does not match the desired criteria.
[        ] JVM is incompatible.
[        ] Wanted: DaemonRequestContext{jvmCriteria=C:\Program Files\Android\Android Studio\jbr (no JDK specified, using current Java home), daemonOpts=[-XX:MaxMetaspaceSize=4G, -XX:ReservedCodeCacheSize=512m, -XX:+HeapDumpOnOutOfMemoryError, -Xmx8G, -Dfile.encoding=UTF-8, -Duser.country=FR, -Duser.language=fr, -Duser.variant], applyInstrumentationAgent=true, nativeServicesMode=ENABLED, priority=NORMAL}
[        ] Actual: DefaultDaemonContext[uid=c54ccfa8-f333-47d3-9892-bcc90aa19e9d,javaHome=C:\Program Files\Eclipse Adoptium\jdk-17.0.17.10-hotspot,javaVersion=17,javaVendor=Eclipse Adoptium,daemonRegistryDir=C:\Users\adiri\.gradle\daemon,pid=19596,idleTimeout=10800000,priority=NORMAL,applyInstrumentationAgent=true,nativeServicesMode=ENABLED,daemonOpts=-XX:MaxMetaspaceSize=4G,-XX:ReservedCodeCacheSize=512m,-XX:+HeapDumpOnOutOfMemoryError,-Xmx8G,-Dfile.encoding=windows-1252,-Duser.country=FR,-Duser.language=fr,-Duser.variant]
[        ]   Looking for a different daemon...
[        ] The client will now receive all logging from the daemon (pid: 7412). The daemon log file: C:\Users\adiri\.gradle\daemon\8.14\daemon-7412.out.log
[        ] Starting 2nd build in daemon [uptime: 1 mins 11.709 secs, performance: 98%, GC rate: 0.17/s, heap usage: 1% of 8 GiB, non-heap usage: 3% of 4 GiB]
[        ] Using 12 worker leases.
[        ] Now considering [C:\Users\adiri\Documents\My Files\SIDE PROJECTS\HABITU\my_app\android, C:\flutter\packages\flutter_tools\gradle] as hierarchies to watch
[        ] Watching the file system is configured to be enabled if available
[  +89 ms] File system watching is active
[        ] Starting Build
[        ] Now considering [C:\flutter\packages\flutter_tools\gradle, C:\Users\adiri\Documents\My Files\SIDE PROJECTS\HABITU\my_app\android] as hierarchies to watch
[ +109 ms] > Configure project :gradle
[        ] Evaluating project ':gradle' using build file 'C:\flutter\packages\flutter_tools\gradle\build.gradle.kts'.
[        ] Resolved plugin [id: 'org.gradle.java-gradle-plugin']
[        ] Resolved plugin [id: 'org.gradle.groovy']
[        ] Resolved plugin [id: 'org.gradle.kotlin.kotlin-dsl', version: '5.2.0']
[        ] Resolved plugin [id: 'org.jetbrains.kotlin.jvm', version: '1.9.20']
[        ] Using Kotlin Gradle Plugin gradle85 variant
[        ] kotlin scripting plugin: created the scripting discovery configuration: kotlinScriptDef
[        ] kotlin scripting plugin: created the scripting discovery configuration: testKotlinScriptDef
[        ] file or directory 'C:\flutter\packages\flutter_tools\gradle\src\main\java', not found
[        ] Resolved plugin [id: 'dev.flutter.flutter-plugin-loader', version: '1.0.0']
[        ] Resolved plugin [id: 'com.android.application', version: '8.11.1', apply: false]
[  +85 ms] Resolved plugin [id: 'org.jetbrains.kotlin.android', version: '2.2.20', apply: false]
[        ] Resolve mutations for :gradle:checkKotlinGradlePluginConfigurationErrors (Thread[#237,Execution worker,5,main]) started.
[        ] :gradle:checkKotlinGradlePluginConfigurationErrors (Thread[#237,Execution worker,5,main]) started.
[        ] > Task :gradle:checkKotlinGradlePluginConfigurationErrors SKIPPED
[        ] Skipping task ':gradle:checkKotlinGradlePluginConfigurationErrors' as task onlyIf 'errorDiagnostics are present' is false.
[        ] Resolve mutations for :gradle:compileKotlin (Thread[#237,Execution worker,5,main]) started.
[        ] :gradle:compileKotlin (Thread[#237,Execution worker,5,main]) started.
[ +111 ms] > Task :gradle:compileKotlin UP-TO-DATE
[        ] Caching disabled for task ':gradle:compileKotlin' because:
[        ]   Build cache is disabled
[        ] Skipping task ':gradle:compileKotlin' as it is up-to-date.
[        ] Resolve mutations for :gradle:compileJava (Thread[#237,Execution worker,5,main]) started.
[        ] :gradle:compileJava (Thread[#237,Execution worker,5,main]) started.
[        ] > Task :gradle:compileJava NO-SOURCE
[        ] Skipping task ':gradle:compileJava' as it has no source files and no previous output files.
[        ] Resolve mutations for :gradle:compileGroovy (Thread[#237,Execution worker,5,main]) started.
[        ] :gradle:compileGroovy (Thread[#237,Execution worker,5,main]) started.
[        ] > Task :gradle:compileGroovy NO-SOURCE
[        ] Skipping task ':gradle:compileGroovy' as it has no source files and no previous output files.
[        ] Resolve mutations for :gradle:pluginDescriptors (Thread[#237,Execution worker,5,main]) started.
[        ] :gradle:pluginDescriptors (Thread[#237,Execution worker,5,main]) started.
[        ] > Task :gradle:pluginDescriptors UP-TO-DATE
[        ] Caching disabled for task ':gradle:pluginDescriptors' because:
[        ]   Build cache is disabled
[        ]   Not worth caching
[        ] Skipping task ':gradle:pluginDescriptors' as it is up-to-date.
[        ] Resolve mutations for :gradle:processResources (Thread[#237,Execution worker,5,main]) started.
[        ] :gradle:processResources (Thread[#237,Execution worker,5,main]) started.
[        ] > Task :gradle:processResources UP-TO-DATE
[        ] Caching disabled for task ':gradle:processResources' because:
[        ]   Build cache is disabled
[        ]   Not worth caching
[        ] Skipping task ':gradle:processResources' as it is up-to-date.
[        ] Resolve mutations for :gradle:classes (Thread[#237,Execution worker,5,main]) started.
[        ] :gradle:classes (Thread[#237,Execution worker,5,main]) started.
[        ] > Task :gradle:classes UP-TO-DATE
[        ] Skipping task ':gradle:classes' as it has no actions.
[        ] Resolve mutations for :gradle:jar (Thread[#237,Execution worker,5,main]) started.
[        ] :gradle:jar (Thread[#237,Execution worker,5,main]) started.
[        ] > Task :gradle:jar UP-TO-DATE
[        ] Caching disabled for task ':gradle:jar' because:
[        ]   Build cache is disabled
[        ]   Not worth caching
[        ] Skipping task ':gradle:jar' as it is up-to-date.
[ +284 ms] Settings evaluated using settings file 'C:\Users\adiri\Documents\My Files\SIDE PROJECTS\HABITU\my_app\android\settings.gradle.kts'.
[        ] Projects loaded. Root project using build file 'C:\Users\adiri\Documents\My Files\SIDE PROJECTS\HABITU\my_app\android\build.gradle.kts'.
[        ] Included projects: [root project 'android', project ':app', project ':path_provider_android']
[ +496 ms] > Configure project :app
[        ] Evaluating project ':app' using build file 'C:\Users\adiri\Documents\My Files\SIDE PROJECTS\HABITU\my_app\android\app\build.gradle.kts'.
[        ] Resolved plugin [id: 'com.android.application']
[        ] Resolved plugin [id: 'kotlin-android']
[        ] Resolved plugin [id: 'dev.flutter.flutter-gradle-plugin']
[        ] Using default execution profile
[        ] Build d7130eb2-28d4-40cf-a9db-7a8c83c9f0ba is started
[        ] Using Kotlin Gradle Plugin gradle813 variant
[        ] C/C++: android.ndkVersion from module build.gradle is [28.2.13676358]
[        ] C/C++: android.ndkPath from module build.gradle is not set
[        ] C/C++: ndk.dir in local.properties is not set
[        ] C/C++: Not considering ANDROID_NDK_HOME because support was removed after deprecation period.
[        ] C/C++: sdkFolder is C:\Users\adiri\AppData\Local\Android\sdk
[        ] C/C++: android.ndkVersion from module build.gradle is [28.2.13676358]
[        ] C/C++: android.ndkPath from module build.gradle is not set
[        ] C/C++: ndk.dir in local.properties is not set
[        ] C/C++: Not considering ANDROID_NDK_HOME because support was removed after deprecation period.
[        ] C/C++: sdkFolder is C:\Users\adiri\AppData\Local\Android\sdk
[        ] C/C++: android.ndkVersion from module build.gradle is [28.2.13676358]
[        ] C/C++: android.ndkPath from module build.gradle is not set
[        ] C/C++: ndk.dir in local.properties is not set
[        ] C/C++: Not considering ANDROID_NDK_HOME because support was removed after deprecation period.
[        ] C/C++: sdkFolder is C:\Users\adiri\AppData\Local\Android\sdk
[        ] C/C++: android.ndkVersion from module build.gradle is [28.2.13676358]
[        ] C/C++: android.ndkPath from module build.gradle is not set
[        ] C/C++: ndk.dir in local.properties is not set
[        ] C/C++: Not considering ANDROID_NDK_HOME because support was removed after deprecation period.
[        ] C/C++: sdkFolder is C:\Users\adiri\AppData\Local\Android\sdk
[        ] C/C++: android.ndkVersion from module build.gradle is [28.2.13676358]
[        ] C/C++: android.ndkPath from module build.gradle is not set
[        ] C/C++: ndk.dir in local.properties is not set
[        ] C/C++: Not considering ANDROID_NDK_HOME because support was removed after deprecation period.
[        ] C/C++: sdkFolder is C:\Users\adiri\AppData\Local\Android\sdk
[        ] C/C++: android.ndkVersion from module build.gradle is [28.2.13676358]
[        ] C/C++: android.ndkPath from module build.gradle is not set
[        ] C/C++: ndk.dir in local.properties is not set
[        ] C/C++: Not considering ANDROID_NDK_HOME because support was removed after deprecation period.
[        ] C/C++: sdkFolder is C:\Users\adiri\AppData\Local\Android\sdk
[        ] C/C++: android.ndkVersion from module build.gradle is [28.2.13676358]
[        ] C/C++: android.ndkPath from module build.gradle is not set
[   +1 ms] C/C++: ndk.dir in local.properties is not set
[        ] C/C++: Not considering ANDROID_NDK_HOME because support was removed after deprecation period.
[        ] C/C++: sdkFolder is C:\Users\adiri\AppData\Local\Android\sdk
[        ] C/C++: android.ndkVersion from module build.gradle is [28.2.13676358]
[        ] C/C++: android.ndkPath from module build.gradle is not set
[        ] C/C++: ndk.dir in local.properties is not set
[        ] C/C++: Not considering ANDROID_NDK_HOME because support was removed after deprecation period.
[        ] C/C++: sdkFolder is C:\Users\adiri\AppData\Local\Android\sdk
[        ] C/C++: android.ndkVersion from module build.gradle is [28.2.13676358]
[        ] C/C++: android.ndkPath from module build.gradle is not set
[        ] C/C++: ndk.dir in local.properties is not set
[        ] C/C++: Not considering ANDROID_NDK_HOME because support was removed after deprecation period.
[        ] C/C++: sdkFolder is C:\Users\adiri\AppData\Local\Android\sdk
[        ] C/C++: android.ndkVersion from module build.gradle is [28.2.13676358]
[        ] C/C++: android.ndkPath from module build.gradle is not set
[        ] C/C++: ndk.dir in local.properties is not set
[        ] C/C++: Not considering ANDROID_NDK_HOME because support was removed after deprecation period.
[        ] C/C++: sdkFolder is C:\Users\adiri\AppData\Local\Android\sdk
[        ] C/C++: android.ndkVersion from module build.gradle is [28.2.13676358]
[        ] C/C++: android.ndkPath from module build.gradle is not set
[        ] C/C++: ndk.dir in local.properties is not set
[        ] C/C++: Not considering ANDROID_NDK_HOME because support was removed after deprecation period.
[        ] C/C++: sdkFolder is C:\Users\adiri\AppData\Local\Android\sdk
[        ] C/C++: android.ndkVersion from module build.gradle is [28.2.13676358]
[        ] C/C++: android.ndkPath from module build.gradle is not set
[        ] C/C++: ndk.dir in local.properties is not set
[        ] C/C++: Not considering ANDROID_NDK_HOME because support was removed after deprecation period.
[        ] C/C++: sdkFolder is C:\Users\adiri\AppData\Local\Android\sdk
[        ] C/C++: android.ndkVersion from module build.gradle is [28.2.13676358]
[        ] C/C++: android.ndkPath from module build.gradle is not set
[        ] C/C++: ndk.dir in local.properties is not set
[        ] C/C++: Not considering ANDROID_NDK_HOME because support was removed after deprecation period.
[        ] C/C++: sdkFolder is C:\Users\adiri\AppData\Local\Android\sdk
[        ] C/C++: android.ndkVersion from module build.gradle is [28.2.13676358]
[        ] C/C++: android.ndkPath from module build.gradle is not set
[        ] C/C++: ndk.dir in local.properties is not set
[        ] C/C++: Not considering ANDROID_NDK_HOME because support was removed after deprecation period.
[        ] C/C++: sdkFolder is C:\Users\adiri\AppData\Local\Android\sdk
[        ] C/C++: android.ndkVersion from module build.gradle is [28.2.13676358]
[        ] C/C++: android.ndkPath from module build.gradle is not set
[        ] C/C++: ndk.dir in local.properties is not set
[        ] C/C++: Not considering ANDROID_NDK_HOME because support was removed after deprecation period.
[        ] C/C++: sdkFolder is C:\Users\adiri\AppData\Local\Android\sdk
[        ] C/C++: android.ndkVersion from module build.gradle is [28.2.13676358]
[        ] C/C++: android.ndkPath from module build.gradle is not set
[        ] C/C++: ndk.dir in local.properties is not set
[        ] C/C++: Not considering ANDROID_NDK_HOME because support was removed after deprecation period.
[   +1 ms] C/C++: sdkFolder is C:\Users\adiri\AppData\Local\Android\sdk
[        ] C/C++: android.ndkVersion from module build.gradle is [28.2.13676358]
[   +1 ms] C/C++: android.ndkPath from module build.gradle is not set
[        ] C/C++: ndk.dir in local.properties is not set
[  +10 ms] C/C++: Not considering ANDROID_NDK_HOME because support was removed after deprecation period.
[   +6 ms] C/C++: sdkFolder is C:\Users\adiri\AppData\Local\Android\sdk
[        ] C/C++: android.ndkVersion from module build.gradle is [28.2.13676358]
[        ] C/C++: android.ndkPath from module build.gradle is not set
[        ] C/C++: ndk.dir in local.properties is not set
[   +1 ms] C/C++: Not considering ANDROID_NDK_HOME because support was removed after deprecation period.
[        ] C/C++: sdkFolder is C:\Users\adiri\AppData\Local\Android\sdk
[   +1 ms] C/C++: android.ndkVersion from module build.gradle is [28.2.13676358]
[   +1 ms] C/C++: android.ndkPath from module build.gradle is not set
[        ] C/C++: ndk.dir in local.properties is not set
[        ] C/C++: Not considering ANDROID_NDK_HOME because support was removed after deprecation period.
[        ] C/C++: sdkFolder is C:\Users\adiri\AppData\Local\Android\sdk
[        ] > Configure project :
[        ] Evaluating root project 'android' using build file 'C:\Users\adiri\Documents\My Files\SIDE PROJECTS\HABITU\my_app\android\build.gradle.kts'.
[ +250 ms] > Configure project :path_provider_android
[        ] Evaluating project ':path_provider_android' using build file 'C:\Users\adiri\AppData\Local\Pub\Cache\hosted\pub.dev\path_provider_android-2.2.22\android\build.gradle'.
[        ] Using default execution profile
[        ] All projects evaluated.
[        ] Task name matched 'assembleDebug'
[        ] Selected primary task 'assembleDebug' from project :
[  +91 ms] Adding -Xuse-inline-scopes-numbers Kotlin compiler flag for task :app:compileDebugKotlin
[ +203 ms] Tasks to be executed: [task ':app:DebugMinSdkCheck', task ':app:preBuild', task ':app:preDebugBuild', task ':app:mergeDebugNativeDebugMetadata', task ':app:checkKotlinGradlePluginConfigurationErrors', task ':app:compileFlutterBuildDebug', task ':app:packJniLibsflutterBuildDebug', task ':path_provider_android:preBuild', task ':path_provider_android:preDebugBuild', task ':path_provider_android:writeDebugAarMetadata', task ':app:checkDebugAarMetadata', task ':app:cleanMergeDebugAssets', task ':app:mergeDebugShaders', task ':app:compileDebugShaders', task ':app:generateDebugAssets', task ':path_provider_android:mergeDebugShaders', task ':path_provider_android:compileDebugShaders', task ':path_provider_android:generateDebugAssets', task ':path_provider_android:mergeDebugAssets', task ':app:mergeDebugAssets', task ':app:copyFlutterAssetsDebug', task ':app:generateDebugResValues', task ':path_provider_android:generateDebugResValues', task ':path_provider_android:generateDebugResources', task ':path_provider_android:packageDebugResources', task ':app:mapDebugSourceSetPaths', task ':app:generateDebugResources', task ':app:mergeDebugResources', task ':app:packageDebugResources', task ':app:parseDebugLocalResources', task ':app:createDebugCompatibleScreenManifests', task ':app:extractDeepLinksDebug', task ':path_provider_android:extractDeepLinksDebug', task ':path_provider_android:processDebugManifest', task ':app:processDebugMainManifest', task ':app:outputDebugAppLinkSettings', task ':app:processDebugManifest', task ':app:processDebugManifestForPackage', task ':path_provider_android:compileDebugLibraryResources', task ':path_provider_android:parseDebugLocalResources', task ':path_provider_android:generateDebugRFile', task ':app:processDebugResources', task ':path_provider_android:javaPreCompileDebug', task ':path_provider_android:compileDebugJavaWithJavac', task ':path_provider_android:bundleLibCompileToJarDebug', task ':app:compileDebugKotlin', task ':app:javaPreCompileDebug', task ':app:compileDebugJavaWithJavac', task ':app:compressDebugAssets', task ':path_provider_android:bundleLibRuntimeToJarDebug', task ':app:desugarDebugFileDependencies', task ':app:dexBuilderDebug', task ':app:mergeDebugGlobalSynthetics', task ':app:processDebugJavaRes', task ':path_provider_android:processDebugJavaRes', task ':app:mergeDebugJavaResource', task ':app:checkDebugDuplicateClasses', task ':app:mergeExtDexDebug', task ':path_provider_android:bundleLibRuntimeToDirDebug', task ':app:mergeLibDexDebug', task ':app:mergeProjectDexDebug', task ':app:configureCMakeDebug[arm64-v8a]', task ':app:buildCMakeDebug[arm64-v8a]', task ':app:configureCMakeDebug[armeabi-v7a]', task ':app:buildCMakeDebug[armeabi-v7a]', task ':app:configureCMakeDebug[x86_64]', task ':app:buildCMakeDebug[x86_64]', task ':app:mergeDebugJniLibFolders', task ':path_provider_android:mergeDebugJniLibFolders', task ':path_provider_android:mergeDebugNativeLibs', task ':path_provider_android:copyDebugJniLibsProjectOnly', task ':app:mergeDebugNativeLibs', task ':app:stripDebugDebugSymbols', task ':app:validateSigningDebug', task ':app:writeDebugAppMetadata', task ':app:writeDebugSigningConfigVersions', task ':app:packageDebug', task ':app:createDebugApkListingFileRedirect', task ':app:assembleDebug', task ':path_provider_android:stripDebugDebugSymbols', task ':path_provider_android:copyDebugJniLibsProjectAndLocalJars', task ':path_provider_android:extractDebugAnnotations', task ':path_provider_android:extractDeepLinksForAarDebug', task ':path_provider_android:mergeDebugGeneratedProguardFiles', task ':path_provider_android:mergeDebugConsumerProguardFiles', task ':path_provider_android:prepareDebugArtProfile', task ':path_provider_android:prepareLintJarForPublish', task ':path_provider_android:mergeDebugJavaResource', task ':path_provider_android:syncDebugLibJars', task ':path_provider_android:bundleDebugAar', task ':path_provider_android:assembleDebug']
[        ] Tasks that were excluded: []
[        ] work action Parameters of IdentityTransform (Thread[#237,Execution worker,5,main]) started.
[        ] work action Parameters of DexingNoClasspathTransform (Thread[#237,Execution worker,5,main]) started.
[        ] work action Parameters of DexingOutputSplitTransform (Thread[#237,Execution worker,5,main]) started.
[        ] work action Parameters of ClassesDirToClassesTransform (Thread[#237,Execution worker,5,main]) started.
[        ] work action Parameters of DexingOutputSplitTransform (Thread[#237,Execution worker,5,main]) started.
[        ] Resolve mutations for :app:DebugMinSdkCheck (Thread[#237,Execution worker,5,main]) started.
[        ] :app:DebugMinSdkCheck (Thread[#237,Execution worker,5,main]) started.
[        ] > Task :app:DebugMinSdkCheck
[        ] Caching disabled for task ':app:DebugMinSdkCheck' because:
[        ]   Build cache is disabled
[        ] Task ':app:DebugMinSdkCheck' is not up-to-date because:
[        ]   Task has not declared any outputs despite executing actions.
[        ] Resolve mutations for :app:preBuild (Thread[#237,Execution worker,5,main]) started.
[        ] :app:preBuild (Thread[#239,Execution worker Thread 3,5,main]) started.
[        ] > Task :app:preBuild UP-TO-DATE
[        ] Skipping task ':app:preBuild' as it has no actions.
[        ] Resolve mutations for :app:preDebugBuild (Thread[#239,Execution worker Thread 3,5,main]) started.
[        ] :app:preDebugBuild (Thread[#239,Execution worker Thread 3,5,main]) started.
[        ] > Task :app:preDebugBuild UP-TO-DATE
[        ] Skipping task ':app:preDebugBuild' as it has no actions.
[        ] Resolve mutations for :app:mergeDebugNativeDebugMetadata (Thread[#239,Execution worker Thread 3,5,main]) started.
[        ] :app:mergeDebugNativeDebugMetadata (Thread[#239,Execution worker Thread 3,5,main]) started.
[        ] > Task :app:mergeDebugNativeDebugMetadata NO-SOURCE
[        ] Skipping task ':app:mergeDebugNativeDebugMetadata' as it has no source files and no previous output files.
[        ] Resolve mutations for :app:checkKotlinGradlePluginConfigurationErrors (Thread[#239,Execution worker Thread 3,5,main]) started.
[        ] :app:checkKotlinGradlePluginConfigurationErrors (Thread[#246,Execution worker Thread 10,5,main]) started.
[        ] > Task :app:checkKotlinGradlePluginConfigurationErrors SKIPPED
[        ] Skipping task ':app:checkKotlinGradlePluginConfigurationErrors' as task onlyIf 'errorDiagnostics are present' is false.
[        ] Resolve mutations for :app:compileFlutterBuildDebug (Thread[#239,Execution worker Thread 3,5,main]) started.
[        ] :app:compileFlutterBuildDebug (Thread[#239,Execution worker Thread 3,5,main]) started.
[+1979 ms] > Task :app:compileFlutterBuildDebug
[        ] Caching disabled for task ':app:compileFlutterBuildDebug' because:
[        ]   Build cache is disabled
[        ]   Caching has not been enabled for the task
[        ] Task ':app:compileFlutterBuildDebug' is not up-to-date because:
[        ]   Value of input property 'fileSystemScheme' has changed for task ':app:compileFlutterBuildDebug'
[        ]   Value of input property 'targetPath' has changed for task ':app:compileFlutterBuildDebug'
[        ]   Value of input property 'targetPlatformValues' has changed for task ':app:compileFlutterBuildDebug'
[        ]   and more...
[        ] Starting process 'command 'C:\flutter\bin\flutter.bat''. Working directory: C:\Users\adiri\Documents\My Files\SIDE PROJECTS\HABITU\my_app Command: C:\flutter\bin\flutter.bat --verbose assemble --no-version-check --depfile C:\Users\adiri\Documents\My Files\SIDE PROJECTS\HABITU\my_app\build\app\intermediates\flutter\debug/flutter_build.d --output C:\Users\adiri\Documents\My Files\SIDE PROJECTS\HABITU\my_app\build\app\intermediates\flutter\debug -dTargetFile=lib\main.dart -dTargetPlatform=android -dBuildMode=debug -dTrackWidgetCreation=true --DartDefines=RkxVVFRFUl9WRVJTSU9OPTMuMzguMw==,RkxVVFRFUl9DSEFOTkVMPXN0YWJsZQ==,RkxVVFRFUl9HSVRfVVJMPWh0dHBzOi8vZ2l0aHViLmNvbS9mbHV0dGVyL2ZsdXR0ZXIuZ2l0,RkxVVFRFUl9GUkFNRVdPUktfUkVWSVNJT049MTkwNzRkMTJmNw==,RkxVVFRFUl9FTkdJTkVfUkVWSVNJT049MTNlNjU4NzI1ZA==,RkxVVFRFUl9EQVJUX1ZFUlNJT049My4xMC4x -dFlavor= -dAndroidArchs=android-arm android-arm64 android-x64 -dMinSdkVersion=24 debug_android_application
[        ] Successfully started process 'command 'C:\flutter\bin\flutter.bat''
[        ] [ +533 ms] Artifact Instance of 'MaterialFonts' is not required, skipping update.
[        ] [        ] Artifact Instance of 'GradleWrapper' is not required, skipping update.
[        ] [        ] Artifact Instance of 'AndroidGenSnapshotArtifacts' is not required, skipping update.
[        ] [        ] Artifact Instance of 'AndroidInternalBuildArtifacts' is not required, skipping update.
[        ] [        ] Artifact Instance of 'IOSEngineArtifacts' is not required, skipping update.
[        ] [        ] Artifact Instance of 'FlutterWebSdk' is not required, skipping update.
[        ] [        ] Artifact Instance of 'LegacyCanvasKitRemover' is not required, skipping update.
[        ] [        ] Artifact Instance of 'FlutterSdk' is not required, skipping update.
[        ] [        ] Artifact Instance of 'WindowsEngineArtifacts' is not required, skipping update.
[        ] [        ] Artifact Instance of 'MacOSEngineArtifacts' is not required, skipping update.
[        ] [        ] Artifact Instance of 'LinuxEngineArtifacts' is not required, skipping update.
[        ] [        ] Artifact Instance of 'LinuxFuchsiaSDKArtifacts' is not required, skipping update.
[        ] [        ] Artifact Instance of 'MacOSFuchsiaSDKArtifacts' is not required, skipping update.
[        ] [        ] Artifact Instance of 'FlutterRunnerSDKArtifacts' is not required, skipping update.
[        ] [        ] Artifact Instance of 'FlutterRunnerDebugSymbols' is not required, skipping update.
[        ] [        ] Artifact Instance of 'IosUsbArtifacts' is not required, skipping update.
[        ] [        ] Artifact Instance of 'IosUsbArtifacts' is not required, skipping update.
[        ] [        ] Artifact Instance of 'IosUsbArtifacts' is not required, skipping update.
[        ] [        ] Artifact Instance of 'IosUsbArtifacts' is not required, skipping update.
[        ] [        ] Artifact Instance of 'IosUsbArtifacts' is not required, skipping update.
[        ] [        ] Artifact Instance of 'IosUsbArtifacts' is not required, skipping update.
[        ] [        ] Artifact Instance of 'FontSubsetArtifacts' is not required, skipping update.
[        ] [        ] Artifact Instance of 'PubDependencies' is not required, skipping update.
[        ] [   +8 ms] Artifact Instance of 'AndroidGenSnapshotArtifacts' is not required, skipping update.
[        ] [        ] Artifact Instance of 'AndroidInternalBuildArtifacts' is not required, skipping update.
[        ] [        ] Artifact Instance of 'IOSEngineArtifacts' is not required, skipping update.
[        ] [        ] Artifact Instance of 'FlutterWebSdk' is not required, skipping update.
[        ] [        ] Artifact Instance of 'FlutterEngineStamp' is not required, skipping update.
[        ] [        ] Artifact Instance of 'LegacyCanvasKitRemover' is not required, skipping update.
[        ] [   +1 ms] Artifact Instance of 'WindowsEngineArtifacts' is not required, skipping update.
[        ] [        ] Artifact Instance of 'MacOSEngineArtifacts' is not required, skipping update.
[        ] [        ] Artifact Instance of 'LinuxEngineArtifacts' is not required, skipping update.
[        ] [        ] Artifact Instance of 'LinuxFuchsiaSDKArtifacts' is not required, skipping update.
[        ] [        ] Artifact Instance of 'MacOSFuchsiaSDKArtifacts' is not required, skipping update.
[        ] [        ] Artifact Instance of 'FlutterRunnerSDKArtifacts' is not required, skipping update.
[        ] [        ] Artifact Instance of 'FlutterRunnerDebugSymbols' is not required, skipping update.
[        ] [  +51 ms] Artifact Instance of 'MaterialFonts' is not required, skipping update.
[        ] [        ] Artifact Instance of 'GradleWrapper' is not required, skipping update.
[        ] [   +1 ms] Artifact Instance of 'AndroidInternalBuildArtifacts' is not required, skipping update.
[        ] [        ] Artifact Instance of 'IOSEngineArtifacts' is not required, skipping update.
[        ] [        ] Artifact Instance of 'FlutterWebSdk' is not required, skipping update.
[        ] [        ] Artifact Instance of 'FlutterEngineStamp' is not required, skipping update.
[        ] [        ] Artifact Instance of 'LegacyCanvasKitRemover' is not required, skipping update.
[        ] [        ] Artifact Instance of 'FlutterSdk' is not required, skipping update.
[        ] [        ] Artifact Instance of 'WindowsEngineArtifacts' is not required, skipping update.
[        ] [        ] Artifact Instance of 'MacOSEngineArtifacts' is not required, skipping update.
[        ] [        ] Artifact Instance of 'LinuxEngineArtifacts' is not required, skipping update.
[        ] [        ] Artifact Instance of 'LinuxFuchsiaSDKArtifacts' is not required, skipping update.
[        ] [        ] Artifact Instance of 'MacOSFuchsiaSDKArtifacts' is not required, skipping update.
[        ] [        ] Artifact Instance of 'FlutterRunnerSDKArtifacts' is not required, skipping update.
[        ] [        ] Artifact Instance of 'FlutterRunnerDebugSymbols' is not required, skipping update.
[        ] [        ] Artifact Instance of 'IosUsbArtifacts' is not required, skipping update.
[        ] [        ] Artifact Instance of 'IosUsbArtifacts' is not required, skipping update.
[        ] [        ] Artifact Instance of 'IosUsbArtifacts' is not required, skipping update.
[        ] [        ] Artifact Instance of 'IosUsbArtifacts' is not required, skipping update.
[        ] [        ] Artifact Instance of 'IosUsbArtifacts' is not required, skipping update.
[        ] [        ] Artifact Instance of 'IosUsbArtifacts' is not required, skipping update.
[        ] [        ] Artifact Instance of 'FontSubsetArtifacts' is not required, skipping update.
[        ] [        ] Artifact Instance of 'PubDependencies' is not required, skipping update.
[ +103 ms] [  +30 ms] Initializing file store
[        ] [  +14 ms] Done initializing file store
[        ] [  +59 ms] Skipping target: dart_build
[        ] [   +2 ms] Skipping target: gen_dart_plugin_registrant
[        ] [        ] Skipping target: install_code_assets
[        ] [        ] Skipping target: gen_localizations
[ +791 ms] [ +743 ms] Skipping target: kernel_snapshot_program
[        ] [   +8 ms] invalidated build due to missing files: C:\Users\adiri\Documents\My Files\SIDE PROJECTS\HABITU\my_app\DOES_NOT_EXIST_RERUN_FOR_WILDCARD883068469
[ +407 ms] [ +404 ms] debug_android_application: Starting due to {InvalidatedReasonKind.inputMissing: The following inputs were missing: C:\Users\adiri\Documents\My Files\SIDE PROJECTS\HABITU\my_app\DOES_NOT_EXIST_RERUN_FOR_WILDCARD883068469, InvalidatedReasonKind.inputChanged: The following inputs have updated contents: C:\Users\adiri\Documents\My Files\SIDE PROJECTS\HABITU\my_app\build\app\intermediates\flutter\debug\flutter_assets\kernel_blob.bin}
[ +202 ms] [ +203 ms] Manifest contained wildcard assets. Inserting missing file into build graph to force rerun. for more information see #56466.
[        ] [  +12 ms] shaderc command: [C:\flutter\bin\cache\artifacts\engine\windows-x64\impellerc.exe, --sksl, --runtime-stage-gles, --runtime-stage-gles3, --runtime-stage-vulkan, --iplr, --sl=C:\Users\adiri\Documents\My Files\SIDE PROJECTS\HABITU\my_app\build\app\intermediates\flutter\debug\flutter_assets\shaders/ink_sparkle.frag, --spirv=C:\Users\adiri\Documents\My Files\SIDE PROJECTS\HABITU\my_app\build\app\intermediates\flutter\debug\flutter_assets\shaders/ink_sparkle.frag.spirv, --input=C:\flutter\packages\flutter\lib\src\material\shaders\ink_sparkle.frag, --input-type=frag, --include=C:\flutter\packages\flutter\lib\src\material\shaders, --include=C:\flutter\bin\cache\artifacts\engine\windows-x64\shader_lib]
[        ] [   +1 ms] shaderc command: [C:\flutter\bin\cache\artifacts\engine\windows-x64\impellerc.exe, --sksl, --runtime-stage-gles, --runtime-stage-gles3, --runtime-stage-vulkan, --iplr, --sl=C:\Users\adiri\Documents\My Files\SIDE PROJECTS\HABITU\my_app\build\app\intermediates\flutter\debug\flutter_assets\shaders/stretch_effect.frag, --spirv=C:\Users\adiri\Documents\My Files\SIDE PROJECTS\HABITU\my_app\build\app\intermediates\flutter\debug\flutter_assets\shaders/stretch_effect.frag.spirv, --input=C:\flutter\packages\flutter\lib\src\material\shaders\stretch_effect.frag, --input-type=frag, --include=C:\flutter\packages\flutter\lib\src\material\shaders, --include=C:\flutter\bin\cache\artifacts\engine\windows-x64\shader_lib]
[+1194 ms] [+1143 ms] debug_android_application: Complete
[ +591 ms] [ +590 ms] Persisting file store
[        ] [  +15 ms] Done persisting file store
[        ] [  +27 ms] build succeeded.
[  +12 ms] [  +14 ms] "flutter assemble" took 3ÔÇ»327ms.
[  +94 ms] [ +106 ms] Running 1 shutdown hook
[        ] [   +1 ms] Shutdown hooks complete
[ +292 ms] [ +259 ms] exiting with code 0
[ +203 ms] Resolve mutations for :app:packJniLibsflutterBuildDebug (Thread[#239,Execution worker Thread 3,5,main]) started.
[   +6 ms] :app:packJniLibsflutterBuildDebug (Thread[#239,Execution worker Thread 3,5,main]) started.
[        ] > Task :app:packJniLibsflutterBuildDebug
[        ] Caching disabled for task ':app:packJniLibsflutterBuildDebug' because:
[        ]   Build cache is disabled
[        ]   Not worth caching
[        ] Task ':app:packJniLibsflutterBuildDebug' is not up-to-date because:
[        ]   Input property 'rootSpec$1$3.caseSensitive' has been added for task ':app:packJniLibsflutterBuildDebug'
[        ]   Input property 'rootSpec$1$3.destPath' has been added for task ':app:packJniLibsflutterBuildDebug'
[        ]   Input property 'rootSpec$1$3.dirPermissions' has been added for task ':app:packJniLibsflutterBuildDebug'
[        ]   and more...
[        ] file or directory 'C:\Users\adiri\Documents\My Files\SIDE PROJECTS\HABITU\my_app\build\app\intermediates\flutter\debug\armeabi-v7a', not found
[        ] file or directory 'C:\Users\adiri\Documents\My Files\SIDE PROJECTS\HABITU\my_app\build\native_assets\android\jniLibs\lib\armeabi-v7a', not found
[        ] file or directory 'C:\Users\adiri\Documents\My Files\SIDE PROJECTS\HABITU\my_app\build\app\intermediates\flutter\debug\arm64-v8a', not found
[        ] file or directory 'C:\Users\adiri\Documents\My Files\SIDE PROJECTS\HABITU\my_app\build\native_assets\android\jniLibs\lib\arm64-v8a', not found
[   +3 ms] file or directory 'C:\Users\adiri\Documents\My Files\SIDE PROJECTS\HABITU\my_app\build\app\intermediates\flutter\debug\x86_64', not found
[   +1 ms] file or directory 'C:\Users\adiri\Documents\My Files\SIDE PROJECTS\HABITU\my_app\build\native_assets\android\jniLibs\lib\x86_64', not found
[        ] Resolve mutations for :path_provider_android:preBuild (Thread[#239,Execution worker Thread 3,5,main]) started.
[        ] :path_provider_android:preBuild (Thread[#239,Execution worker Thread 3,5,main]) started.
[        ] > Task :path_provider_android:preBuild UP-TO-DATE
[        ] Skipping task ':path_provider_android:preBuild' as it has no actions.
[        ] Resolve mutations for :path_provider_android:preDebugBuild (Thread[#239,Execution worker Thread 3,5,main]) started.
[        ] :path_provider_android:preDebugBuild (Thread[#239,Execution worker Thread 3,5,main]) started.
[        ] > Task :path_provider_android:preDebugBuild UP-TO-DATE
[        ] Skipping task ':path_provider_android:preDebugBuild' as it has no actions.
[        ] Resolve mutations for :path_provider_android:writeDebugAarMetadata (Thread[#239,Execution worker Thread 3,5,main]) started.
[        ] :path_provider_android:writeDebugAarMetadata (Thread[#239,Execution worker Thread 3,5,main]) started.
[        ] > Task :path_provider_android:writeDebugAarMetadata UP-TO-DATE
[        ] Caching disabled for task ':path_provider_android:writeDebugAarMetadata' because:
[   +2 ms]   Build cache is disabled
[   +3 ms]   Caching has been disabled for the task
[        ] Skipping task ':path_provider_android:writeDebugAarMetadata' as it is up-to-date.
[        ] work action resolve aar-metadata.properties (project :path_provider_android) (Thread[#239,Execution worker Thread 3,5,main]) started.
[        ] Resolve mutations for :app:checkDebugAarMetadata (Thread[#239,Execution worker Thread 3,5,main]) started.
[        ] :app:checkDebugAarMetadata (Thread[#239,Execution worker Thread 3,5,main]) started.
[  +64 ms] > Task :app:checkDebugAarMetadata UP-TO-DATE
[        ] Caching disabled for task ':app:checkDebugAarMetadata' because:
[        ]   Build cache is disabled
[        ]   Caching has been disabled for the task
[        ] Skipping task ':app:checkDebugAarMetadata' as it is up-to-date.
[        ] Resolve mutations for :app:cleanMergeDebugAssets (Thread[#239,Execution worker Thread 3,5,main]) started.
[        ] :app:cleanMergeDebugAssets (Thread[#239,Execution worker Thread 3,5,main]) started.
[+1502 ms] > Task :app:cleanMergeDebugAssets FAILED
[        ] Caching disabled for task ':app:cleanMergeDebugAssets' because:
[        ]   Build cache is disabled
[        ] Task ':app:cleanMergeDebugAssets' is not up-to-date because:
[        ]   Task has not declared any outputs despite executing actions.
[ +109 ms] Build d7130eb2-28d4-40cf-a9db-7a8c83c9f0ba is closed
[        ] [Incubating] Problems report is available at: file:///C:/Users/adiri/Documents/My%20Files/SIDE%20PROJECTS/HABITU/my_app/build/reports/problems/problems-report.html
flutter : [        ] 
FAILURE: Build failed 
with an exception.
Au caractère Ligne:1 
: 1
+ flutter build apk 
--debug -v 2>&1 | 
Out-File -FilePath 
build_log.txt  ...
+ ~~~~~~~~~~~~~~~~~~~~
~~~~~~~~~~~~~
    + CategoryInfo    
          : NotSpeci  
  fied: ([        ]   
  FAIL...h an exce    
ption.:String) []    
, RemoteException
    + FullyQualifiedE 
   rrorId : NativeCo  
  mmandError
 
[   +2 ms] * What 
went wrong:
[        ] Execution 
failed for task ':app:
cleanMergeDebugAssets'
.
[        ] > 
java.io.IOException: 
Unable to delete 
directory 'C:\Users\ad
iri\Documents\My 
Files\SIDE PROJECTS\HA
BITU\my_app\build\app\
intermediates\assets\d
ebug\mergeDebugAssets'
[        ]     Failed 
to delete some 
children. This might 
happen because a 
process has files 
open or has its 
working directory set 
in the target 
directory.
[        ]     - C:\Us
ers\adiri\Documents\My
 Files\SIDE PROJECTS\H
ABITU\my_app\build\app
\intermediates\assets\
debug\mergeDebugAssets
\flutter_assets\fonts
[        ]     - C:\Us
ers\adiri\Documents\My
 Files\SIDE PROJECTS\H
ABITU\my_app\build\app
\intermediates\assets\
debug\mergeDebugAssets
\flutter_assets\packag
es\cupertino_icons\ass
ets
[        ]     - C:\Us
ers\adiri\Documents\My
 Files\SIDE PROJECTS\H
ABITU\my_app\build\app
\intermediates\assets\
debug\mergeDebugAssets
\flutter_assets\packag
es\cupertino_icons
[        ]     - C:\Us
ers\adiri\Documents\My
 Files\SIDE PROJECTS\H
ABITU\my_app\build\app
\intermediates\assets\
debug\mergeDebugAssets
\flutter_assets\packag
es
[        ]     - C:\Us
ers\adiri\Documents\My
 Files\SIDE PROJECTS\H
ABITU\my_app\build\app
\intermediates\assets\
debug\mergeDebugAssets
\flutter_assets\shader
s
[        ]     - C:\Us
ers\adiri\Documents\My
 Files\SIDE PROJECTS\H
ABITU\my_app\build\app
\intermediates\assets\
debug\mergeDebugAssets
\flutter_assets
[        ] * Try:
[        ] > Run with 
--debug option to get 
more log output.
[        ] > Run with 
--scan to get full 
insights.
[        ] > Get more 
help at https://help.g
radle.org.
[        ] * 
Exception is:
[        ] org.gradle.
api.tasks.TaskExecutio
nException: Execution 
failed for task ':app:
cleanMergeDebugAssets'
.
[        ] 	at org.gra
dle.api.internal.tasks
.execution.ExecuteActi
onsTaskExecuter.lambda
$executeIfValid$1(Exec
uteActionsTaskExecuter
.java:130)
[        ] 	at org.gra
dle.internal.Try$Failu
re.ifSuccessfulOrElse(
Try.java:293)
[        ] 	at org.gra
dle.api.internal.tasks
.execution.ExecuteActi
onsTaskExecuter.execut
eIfValid(ExecuteAction
sTaskExecuter.java:128
)
[        ] 	at org.gra
dle.api.internal.tasks
.execution.ExecuteActi
onsTaskExecuter.execut
e(ExecuteActionsTaskEx
ecuter.java:116)
[        ] 	at org.gra
dle.api.internal.tasks
.execution.ProblemsTas
kPathTrackingTaskExecu
ter.execute(ProblemsTa
skPathTrackingTaskExec
uter.java:41)
[        ] 	at org.gra
dle.api.internal.tasks
.execution.FinalizePro
pertiesTaskExecuter.ex
ecute(FinalizeProperti
esTaskExecuter.java:46
)
[        ] 	at org.gra
dle.api.internal.tasks
.execution.ResolveTask
ExecutionModeExecuter.
execute(ResolveTaskExe
cutionModeExecuter.jav
a:51)
[        ] 	at org.gra
dle.api.internal.tasks
.execution.SkipTaskWit
hNoActionsExecuter.exe
cute(SkipTaskWithNoAct
ionsExecuter.java:57)
[        ] 	at org.gra
dle.api.internal.tasks
.execution.SkipOnlyIfT
askExecuter.execute(Sk
ipOnlyIfTaskExecuter.j
ava:74)
[        ] 	at org.gra
dle.api.internal.tasks
.execution.CatchExcept
ionTaskExecuter.execut
e(CatchExceptionTaskEx
ecuter.java:36)
[        ] 	at org.gra
dle.api.internal.tasks
.execution.EventFiring
TaskExecuter$1.execute
Task(EventFiringTaskEx
ecuter.java:77)
[        ] 	at org.gra
dle.api.internal.tasks
.execution.EventFiring
TaskExecuter$1.call(Ev
entFiringTaskExecuter.
java:55)
[        ] 	at org.gra
dle.api.internal.tasks
.execution.EventFiring
TaskExecuter$1.call(Ev
entFiringTaskExecuter.
java:52)
[        ] 	at org.gra
dle.internal.operation
s.DefaultBuildOperatio
nRunner$CallableBuildO
perationWorker.execute
(DefaultBuildOperation
Runner.java:210)
[        ] 	at org.gra
dle.internal.operation
s.DefaultBuildOperatio
nRunner$CallableBuildO
perationWorker.execute
(DefaultBuildOperation
Runner.java:205)
[        ] 	at org.gra
dle.internal.operation
s.DefaultBuildOperatio
nRunner$2.execute(Defa
ultBuildOperationRunne
r.java:67)
[        ] 	at org.gra
dle.internal.operation
s.DefaultBuildOperatio
nRunner$2.execute(Defa
ultBuildOperationRunne
r.java:60)
[        ] 	at org.gra
dle.internal.operation
s.DefaultBuildOperatio
nRunner.execute(Defaul
tBuildOperationRunner.
java:167)
[        ] 	at org.gra
dle.internal.operation
s.DefaultBuildOperatio
nRunner.execute(Defaul
tBuildOperationRunner.
java:60)
[        ] 	at org.gra
dle.internal.operation
s.DefaultBuildOperatio
nRunner.call(DefaultBu
ildOperationRunner.jav
a:54)
[        ] 	at org.gra
dle.api.internal.tasks
.execution.EventFiring
TaskExecuter.execute(E
ventFiringTaskExecuter
.java:52)
[        ] 	at org.gra
dle.execution.plan.Loc
alTaskNodeExecutor.exe
cute(LocalTaskNodeExec
utor.java:42)
[        ] 	at org.gra
dle.execution.taskgrap
h.DefaultTaskExecution
Graph$InvokeNodeExecut
orsAction.execute(Defa
ultTaskExecutionGraph.
java:331)
[        ] 	at org.gra
dle.execution.taskgrap
h.DefaultTaskExecution
Graph$InvokeNodeExecut
orsAction.execute(Defa
ultTaskExecutionGraph.
java:318)
[        ] 	at org.gra
dle.execution.taskgrap
h.DefaultTaskExecution
Graph$BuildOperationAw
areExecutionAction.lam
bda$execute$0(DefaultT
askExecutionGraph.java
:314)
[        ] 	at org.gra
dle.internal.operation
s.CurrentBuildOperatio
nRef.with(CurrentBuild
OperationRef.java:85)
[        ] 	at org.gra
dle.execution.taskgrap
h.DefaultTaskExecution
Graph$BuildOperationAw
areExecutionAction.exe
cute(DefaultTaskExecut
ionGraph.java:314)
[        ] 	at org.gra
dle.execution.taskgrap
h.DefaultTaskExecution
Graph$BuildOperationAw
areExecutionAction.exe
cute(DefaultTaskExecut
ionGraph.java:303)
[        ] 	at org.gra
dle.execution.plan.Def
aultPlanExecutor$Execu
torWorker.execute(Defa
ultPlanExecutor.java:4
59)
[        ] 	at org.gra
dle.execution.plan.Def
aultPlanExecutor$Execu
torWorker.run(DefaultP
lanExecutor.java:376)
[        ] 	at org.gra
dle.internal.concurren
t.ExecutorPolicy$Catch
AndRecordFailures.onEx
ecute(ExecutorPolicy.j
ava:64)
[        ] 	at org.gra
dle.internal.concurren
t.AbstractManagedExecu
tor$1.run(AbstractMana
gedExecutor.java:48)
[        ] 	at java.ba
se/java.util.concurren
t.ThreadPoolExecutor.r
unWorker(Unknown 
Source)
[        ] 	at java.ba
se/java.util.concurren
t.ThreadPoolExecutor$W
orker.run(Unknown 
Source)
[        ] 	at java.ba
se/java.lang.Thread.ru
n(Unknown Source)
[        ] Caused by: 
org.gradle.api.Uncheck
edIOException: 
java.io.IOException: 
Unable to delete 
directory 'C:\Users\ad
iri\Documents\My 
Files\SIDE PROJECTS\HA
BITU\my_app\build\app\
intermediates\assets\d
ebug\mergeDebugAssets'
[        ]   Failed 
to delete some 
children. This might 
happen because a 
process has files 
open or has its 
working directory set 
in the target 
directory.
[        ]   - C:\User
s\adiri\Documents\My 
Files\SIDE PROJECTS\HA
BITU\my_app\build\app\
intermediates\assets\d
ebug\mergeDebugAssets\
flutter_assets\fonts
[        ]   - C:\User
s\adiri\Documents\My 
Files\SIDE PROJECTS\HA
BITU\my_app\build\app\
intermediates\assets\d
ebug\mergeDebugAssets\
flutter_assets\package
s\cupertino_icons\asse
ts
[        ]   - C:\User
s\adiri\Documents\My 
Files\SIDE PROJECTS\HA
BITU\my_app\build\app\
intermediates\assets\d
ebug\mergeDebugAssets\
flutter_assets\package
s\cupertino_icons
[        ]   - C:\User
s\adiri\Documents\My 
Files\SIDE PROJECTS\HA
BITU\my_app\build\app\
intermediates\assets\d
ebug\mergeDebugAssets\
flutter_assets\package
s
[        ]   - C:\User
s\adiri\Documents\My 
Files\SIDE PROJECTS\HA
BITU\my_app\build\app\
intermediates\assets\d
ebug\mergeDebugAssets\
flutter_assets\shaders
[        ]   - C:\User
s\adiri\Documents\My 
Files\SIDE PROJECTS\HA
BITU\my_app\build\app\
intermediates\assets\d
ebug\mergeDebugAssets\
flutter_assets
[        ] 	at org.gra
dle.internal.Unchecked
Exception.throwAsUnche
ckedException(Unchecke
dException.java:63)
[        ] 	at org.gra
dle.internal.Unchecked
Exception.throwAsUnche
ckedException(Unchecke
dException.java:42)
[        ] 	at org.gra
dle.internal.reflect.J
avaMethod.invoke(JavaM
ethod.java:128)
[        ] 	at org.gra
dle.api.internal.proje
ct.taskfactory.Standar
dTaskAction.doExecute(
StandardTaskAction.jav
a:58)
[        ] 	at org.gra
dle.api.internal.proje
ct.taskfactory.Standar
dTaskAction.execute(St
andardTaskAction.java:
51)
[        ] 	at org.gra
dle.api.internal.proje
ct.taskfactory.Standar
dTaskAction.execute(St
andardTaskAction.java:
29)
[        ] 	at org.gra
dle.api.internal.tasks
.execution.TaskExecuti
on$3.run(TaskExecution
.java:244)
[        ] 	at org.gra
dle.internal.operation
s.DefaultBuildOperatio
nRunner$1.execute(Defa
ultBuildOperationRunne
r.java:30)
[        ] 	at org.gra
dle.internal.operation
s.DefaultBuildOperatio
nRunner$1.execute(Defa
ultBuildOperationRunne
r.java:27)
[        ] 	at org.gra
dle.internal.operation
s.DefaultBuildOperatio
nRunner$2.execute(Defa
ultBuildOperationRunne
r.java:67)
[        ] 	at org.gra
dle.internal.operation
s.DefaultBuildOperatio
nRunner$2.execute(Defa
ultBuildOperationRunne
r.java:60)
[        ] 	at org.gra
dle.internal.operation
s.DefaultBuildOperatio
nRunner.execute(Defaul
tBuildOperationRunner.
java:167)
[        ] 	at org.gra
dle.internal.operation
s.DefaultBuildOperatio
nRunner.execute(Defaul
tBuildOperationRunner.
java:60)
[        ] 	at org.gra
dle.internal.operation
s.DefaultBuildOperatio
nRunner.run(DefaultBui
ldOperationRunner.java
:48)
[        ] 	at org.gra
dle.api.internal.tasks
.execution.TaskExecuti
on.executeAction(TaskE
xecution.java:229)
[        ] 	at org.gra
dle.api.internal.tasks
.execution.TaskExecuti
on.executeActions(Task
Execution.java:212)
[        ] 	at org.gra
dle.api.internal.tasks
.execution.TaskExecuti
on.executeWithPrevious
OutputFiles(TaskExecut
ion.java:195)
[        ] 	at org.gra
dle.api.internal.tasks
.execution.TaskExecuti
on.execute(TaskExecuti
on.java:162)
[        ] 	at org.gra
dle.internal.execution
.steps.ExecuteStep.exe
cuteInternal(ExecuteSt
ep.java:105)
[        ] 	at org.gra
dle.internal.execution
.steps.ExecuteStep.acc
ess$000(ExecuteStep.ja
va:44)
[        ] 	at org.gra
dle.internal.execution
.steps.ExecuteStep$1.c
all(ExecuteStep.java:5
9)
[        ] 	at org.gra
dle.internal.execution
.steps.ExecuteStep$1.c
all(ExecuteStep.java:5
6)
[        ] 	at org.gra
dle.internal.operation
s.DefaultBuildOperatio
nRunner$CallableBuildO
perationWorker.execute
(DefaultBuildOperation
Runner.java:210)
[        ] 	at org.gra
dle.internal.operation
s.DefaultBuildOperatio
nRunner$CallableBuildO
perationWorker.execute
(DefaultBuildOperation
Runner.java:205)
[        ] 	at org.gra
dle.internal.operation
s.DefaultBuildOperatio
nRunner$2.execute(Defa
ultBuildOperationRunne
r.java:67)
[        ] 	at org.gra
dle.internal.operation
s.DefaultBuildOperatio
nRunner$2.execute(Defa
ultBuildOperationRunne
r.java:60)
[        ] 	at org.gra
dle.internal.operation
s.DefaultBuildOperatio
nRunner.execute(Defaul
tBuildOperationRunner.
java:167)
[        ] 	at org.gra
dle.internal.operation
s.DefaultBuildOperatio
nRunner.execute(Defaul
tBuildOperationRunner.
java:60)
[        ] 	at org.gra
dle.internal.operation
s.DefaultBuildOperatio
nRunner.call(DefaultBu
ildOperationRunner.jav
a:54)
[        ] 	at org.gra
dle.internal.execution
.steps.ExecuteStep.exe
cute(ExecuteStep.java:
56)
[        ] 	at org.gra
dle.internal.execution
.steps.ExecuteStep.exe
cute(ExecuteStep.java:
44)
[        ] 	at org.gra
dle.internal.execution
.steps.CancelExecution
Step.execute(CancelExe
cutionStep.java:42)
[        ] 	at org.gra
dle.internal.execution
.steps.TimeoutStep.exe
cuteWithoutTimeout(Tim
eoutStep.java:75)
[        ] 	at org.gra
dle.internal.execution
.steps.TimeoutStep.exe
cute(TimeoutStep.java:
55)
[        ] 	at org.gra
dle.internal.execution
.steps.PreCreateOutput
ParentsStep.execute(Pr
eCreateOutputParentsSt
ep.java:50)
[        ] 	at org.gra
dle.internal.execution
.steps.PreCreateOutput
ParentsStep.execute(Pr
eCreateOutputParentsSt
ep.java:28)
[        ] 	at org.gra
dle.internal.execution
.steps.RemovePreviousO
utputsStep.execute(Rem
ovePreviousOutputsStep
.java:67)
[        ] 	at org.gra
dle.internal.execution
.steps.RemovePreviousO
utputsStep.execute(Rem
ovePreviousOutputsStep
.java:37)
[        ] 	at org.gra
dle.internal.execution
.steps.BroadcastChangi
ngOutputsStep.execute(
BroadcastChangingOutpu
tsStep.java:61)
[   +1 ms] 	at org.gra
dle.internal.execution
.steps.BroadcastChangi
ngOutputsStep.execute(
BroadcastChangingOutpu
tsStep.java:26)
[   +1 ms] 	at org.gra
dle.internal.execution
.steps.CaptureOutputsA
fterExecutionStep.exec
ute(CaptureOutputsAfte
rExecutionStep.java:69
)
[   +1 ms] 	at org.gra
dle.internal.execution
.steps.CaptureOutputsA
fterExecutionStep.exec
ute(CaptureOutputsAfte
rExecutionStep.java:46
)
[        ] 	at org.gra
dle.internal.execution
.steps.ResolveInputCha
ngesStep.execute(Resol
veInputChangesStep.jav
a:40)
[        ] 	at org.gra
dle.internal.execution
.steps.ResolveInputCha
ngesStep.execute(Resol
veInputChangesStep.jav
a:29)
[        ] 	at org.gra
dle.internal.execution
.steps.BuildCacheStep.
executeWithoutCache(Bu
ildCacheStep.java:189)
[        ] 	at org.gra
dle.internal.execution
.steps.BuildCacheStep.
lambda$execute$1(Build
CacheStep.java:75)
[        ] 	at org.gra
dle.internal.Either$Ri
ght.fold(Either.java:1
75)
[        ] 	at org.gra
dle.internal.execution
.caching.CachingState.
fold(CachingState.java
:62)
[        ] 	at org.gra
dle.internal.execution
.steps.BuildCacheStep.
execute(BuildCacheStep
.java:73)
[        ] 	at org.gra
dle.internal.execution
.steps.BuildCacheStep.
execute(BuildCacheStep
.java:48)
[        ] 	at org.gra
dle.internal.execution
.steps.StoreExecutionS
tateStep.execute(Store
ExecutionStateStep.jav
a:46)
[        ] 	at org.gra
dle.internal.execution
.steps.StoreExecutionS
tateStep.execute(Store
ExecutionStateStep.jav
a:35)
[        ] 	at org.gra
dle.internal.execution
.steps.SkipUpToDateSte
p.executeBecause(SkipU
pToDateStep.java:75)
[        ] 	at org.gra
dle.internal.execution
.steps.SkipUpToDateSte
p.lambda$execute$2(Ski
pUpToDateStep.java:53)
[        ] 	at java.ba
se/java.util.Optional.
orElseGet(Unknown 
Source)
[        ] 	at org.gra
dle.internal.execution
.steps.SkipUpToDateSte
p.execute(SkipUpToDate
Step.java:53)
[        ] 	at org.gra
dle.internal.execution
.steps.SkipUpToDateSte
p.execute(SkipUpToDate
Step.java:35)
[        ] 	at org.gra
dle.internal.execution
.steps.legacy.MarkSnap
shottingInputsFinished
Step.execute(MarkSnaps
hottingInputsFinishedS
tep.java:37)
[        ] 	at org.gra
dle.internal.execution
.steps.legacy.MarkSnap
shottingInputsFinished
Step.execute(MarkSnaps
hottingInputsFinishedS
tep.java:27)
[        ] 	at org.gra
dle.internal.execution
.steps.ResolveIncremen
talCachingStateStep.ex
ecuteDelegate(ResolveI
ncrementalCachingState
Step.java:49)
[        ] 	at org.gra
dle.internal.execution
.steps.ResolveIncremen
talCachingStateStep.ex
ecuteDelegate(ResolveI
ncrementalCachingState
Step.java:27)
[        ] 	at org.gra
dle.internal.execution
.steps.AbstractResolve
CachingStateStep.execu
te(AbstractResolveCach
ingStateStep.java:71)
[        ] 	at org.gra
dle.internal.execution
.steps.AbstractResolve
CachingStateStep.execu
te(AbstractResolveCach
ingStateStep.java:39)
[        ] 	at org.gra
dle.internal.execution
.steps.ResolveChangesS
tep.execute(ResolveCha
ngesStep.java:65)
[        ] 	at org.gra
dle.internal.execution
.steps.ResolveChangesS
tep.execute(ResolveCha
ngesStep.java:36)
[        ] 	at org.gra
dle.internal.execution
.steps.ValidateStep.ex
ecute(ValidateStep.jav
a:107)
[        ] 	at org.gra
dle.internal.execution
.steps.ValidateStep.ex
ecute(ValidateStep.jav
a:56)
[        ] 	at org.gra
dle.internal.execution
.steps.AbstractCapture
StateBeforeExecutionSt
ep.execute(AbstractCap
tureStateBeforeExecuti
onStep.java:64)
[        ] 	at org.gra
dle.internal.execution
.steps.AbstractCapture
StateBeforeExecutionSt
ep.execute(AbstractCap
tureStateBeforeExecuti
onStep.java:43)
[        ] 	at org.gra
dle.internal.execution
.steps.AbstractSkipEmp
tyWorkStep.executeWith
NonEmptySources(Abstra
ctSkipEmptyWorkStep.ja
va:125)
[        ] 	at org.gra
dle.internal.execution
.steps.AbstractSkipEmp
tyWorkStep.execute(Abs
tractSkipEmptyWorkStep
.java:56)
[        ] 	at org.gra
dle.internal.execution
.steps.AbstractSkipEmp
tyWorkStep.execute(Abs
tractSkipEmptyWorkStep
.java:36)
[        ] 	at org.gra
dle.internal.execution
.steps.legacy.MarkSnap
shottingInputsStartedS
tep.execute(MarkSnapsh
ottingInputsStartedSte
p.java:38)
[        ] 	at org.gra
dle.internal.execution
.steps.LoadPreviousExe
cutionStateStep.execut
e(LoadPreviousExecutio
nStateStep.java:36)
[        ] 	at org.gra
dle.internal.execution
.steps.LoadPreviousExe
cutionStateStep.execut
e(LoadPreviousExecutio
nStateStep.java:23)
[        ] 	at org.gra
dle.internal.execution
.steps.HandleStaleOutp
utsStep.execute(Handle
StaleOutputsStep.java:
75)
[        ] 	at org.gra
dle.internal.execution
.steps.HandleStaleOutp
utsStep.execute(Handle
StaleOutputsStep.java:
41)
[        ] 	at org.gra
dle.internal.execution
.steps.AssignMutableWo
rkspaceStep.lambda$exe
cute$0(AssignMutableWo
rkspaceStep.java:35)
[        ] 	at org.gra
dle.api.internal.tasks
.execution.TaskExecuti
on$4.withWorkspace(Tas
kExecution.java:289)
[        ] 	at org.gra
dle.internal.execution
.steps.AssignMutableWo
rkspaceStep.execute(As
signMutableWorkspaceSt
ep.java:31)
[        ] 	at org.gra
dle.internal.execution
.steps.AssignMutableWo
rkspaceStep.execute(As
signMutableWorkspaceSt
ep.java:22)
[        ] 	at org.gra
dle.internal.execution
.steps.ChoosePipelineS
tep.execute(ChoosePipe
lineStep.java:40)
[        ] 	at org.gra
dle.internal.execution
.steps.ChoosePipelineS
tep.execute(ChoosePipe
lineStep.java:23)
[        ] 	at org.gra
dle.internal.execution
.steps.ExecuteWorkBuil
dOperationFiringStep.l
ambda$execute$2(Execut
eWorkBuildOperationFir
ingStep.java:67)
[        ] 	at java.ba
se/java.util.Optional.
orElseGet(Unknown 
Source)
[        ] 	at org.gra
dle.internal.execution
.steps.ExecuteWorkBuil
dOperationFiringStep.e
xecute(ExecuteWorkBuil
dOperationFiringStep.j
ava:67)
[        ] 	at org.gra
dle.internal.execution
.steps.ExecuteWorkBuil
dOperationFiringStep.e
xecute(ExecuteWorkBuil
dOperationFiringStep.j
ava:39)
[        ] 	at org.gra
dle.internal.execution
.steps.IdentityCacheSt
ep.execute(IdentityCac
heStep.java:46)
[        ] 	at org.gra
dle.internal.execution
.steps.IdentityCacheSt
ep.execute(IdentityCac
heStep.java:34)
[        ] 	at org.gra
dle.internal.execution
.steps.IdentifyStep.ex
ecute(IdentifyStep.jav
a:48)
[        ] 	at org.gra
dle.internal.execution
.steps.IdentifyStep.ex
ecute(IdentifyStep.jav
a:35)
[        ] 	at org.gra
dle.internal.execution
.impl.DefaultExecution
Engine$1.execute(Defau
ltExecutionEngine.java
:64)
[        ] 	at org.gra
dle.api.internal.tasks
.execution.ExecuteActi
onsTaskExecuter.execut
eIfValid(ExecuteAction
sTaskExecuter.java:127
)
[        ] 	at org.gra
dle.api.internal.tasks
.execution.ExecuteActi
onsTaskExecuter.execut
e(ExecuteActionsTaskEx
ecuter.java:116)
[        ] 	at org.gra
dle.api.internal.tasks
.execution.ProblemsTas
kPathTrackingTaskExecu
ter.execute(ProblemsTa
skPathTrackingTaskExec
uter.java:41)
[        ] 	at org.gra
dle.api.internal.tasks
.execution.FinalizePro
pertiesTaskExecuter.ex
ecute(FinalizeProperti
esTaskExecuter.java:46
)
[        ] 	at org.gra
dle.api.internal.tasks
.execution.ResolveTask
ExecutionModeExecuter.
execute(ResolveTaskExe
cutionModeExecuter.jav
a:51)
[        ] 	at org.gra
dle.api.internal.tasks
.execution.SkipTaskWit
hNoActionsExecuter.exe
cute(SkipTaskWithNoAct
ionsExecuter.java:57)
[        ] 	at org.gra
dle.api.internal.tasks
.execution.SkipOnlyIfT
askExecuter.execute(Sk
ipOnlyIfTaskExecuter.j
ava:74)
[        ] 	at org.gra
dle.api.internal.tasks
.execution.CatchExcept
ionTaskExecuter.execut
e(CatchExceptionTaskEx
ecuter.java:36)
[        ] 	at org.gra
dle.api.internal.tasks
.execution.EventFiring
TaskExecuter$1.execute
Task(EventFiringTaskEx
ecuter.java:77)
[        ] 	at org.gra
dle.api.internal.tasks
.execution.EventFiring
TaskExecuter$1.call(Ev
entFiringTaskExecuter.
java:55)
[        ] 	at org.gra
dle.api.internal.tasks
.execution.EventFiring
TaskExecuter$1.call(Ev
entFiringTaskExecuter.
java:52)
[        ] 	at org.gra
dle.internal.operation
s.DefaultBuildOperatio
nRunner$CallableBuildO
perationWorker.execute
(DefaultBuildOperation
Runner.java:210)
[  +36 ms] 	at org.gra
dle.internal.operation
s.DefaultBuildOperatio
nRunner$CallableBuildO
perationWorker.execute
(DefaultBuildOperation
Runner.java:205)
[        ] 	at org.gra
dle.internal.operation
s.DefaultBuildOperatio
nRunner$2.execute(Defa
ultBuildOperationRunne
r.java:67)
[        ] 	at org.gra
dle.internal.operation
s.DefaultBuildOperatio
nRunner$2.execute(Defa
ultBuildOperationRunne
r.java:60)
[        ] 	at org.gra
dle.internal.operation
s.DefaultBuildOperatio
nRunner.execute(Defaul
tBuildOperationRunner.
java:167)
[        ] 	at org.gra
dle.internal.operation
s.DefaultBuildOperatio
nRunner.execute(Defaul
tBuildOperationRunner.
java:60)
[        ] 	at org.gra
dle.internal.operation
s.DefaultBuildOperatio
nRunner.call(DefaultBu
ildOperationRunner.jav
a:54)
[        ] 	at org.gra
dle.api.internal.tasks
.execution.EventFiring
TaskExecuter.execute(E
ventFiringTaskExecuter
.java:52)
[        ] 	at org.gra
dle.execution.plan.Loc
alTaskNodeExecutor.exe
cute(LocalTaskNodeExec
utor.java:42)
[        ] 	at org.gra
dle.execution.taskgrap
h.DefaultTaskExecution
Graph$InvokeNodeExecut
orsAction.execute(Defa
ultTaskExecutionGraph.
java:331)
[        ] 	at org.gra
dle.execution.taskgrap
h.DefaultTaskExecution
Graph$InvokeNodeExecut
orsAction.execute(Defa
ultTaskExecutionGraph.
java:318)
[        ] 	at org.gra
dle.execution.taskgrap
h.DefaultTaskExecution
Graph$BuildOperationAw
areExecutionAction.lam
bda$execute$0(DefaultT
askExecutionGraph.java
:314)
[        ] 	at org.gra
dle.internal.operation
s.CurrentBuildOperatio
nRef.with(CurrentBuild
OperationRef.java:85)
[        ] 	at org.gra
dle.execution.taskgrap
h.DefaultTaskExecution
Graph$BuildOperationAw
areExecutionAction.exe
cute(DefaultTaskExecut
ionGraph.java:314)
[        ] 	at org.gra
dle.execution.taskgrap
h.DefaultTaskExecution
Graph$BuildOperationAw
areExecutionAction.exe
cute(DefaultTaskExecut
ionGraph.java:303)
[        ] 	at org.gra
dle.execution.plan.Def
aultPlanExecutor$Execu
torWorker.execute(Defa
ultPlanExecutor.java:4
59)
[        ] 	at org.gra
dle.execution.plan.Def
aultPlanExecutor$Execu
torWorker.run(DefaultP
lanExecutor.java:376)
[        ] 	at org.gra
dle.internal.concurren
t.ExecutorPolicy$Catch
AndRecordFailures.onEx
ecute(ExecutorPolicy.j
ava:64)
[        ] 	at org.gra
dle.internal.concurren
t.AbstractManagedExecu
tor$1.run(AbstractMana
gedExecutor.java:48)
[        ] 	at java.ba
se/java.util.concurren
t.ThreadPoolExecutor.r
unWorker(Unknown 
Source)
[        ] 	at java.ba
se/java.util.concurren
t.ThreadPoolExecutor$W
orker.run(Unknown 
Source)
[        ] 	at java.ba
se/java.lang.Thread.ru
n(Unknown Source)
[        ] Caused by: 
java.io.IOException: 
Unable to delete 
directory 'C:\Users\ad
iri\Documents\My 
Files\SIDE PROJECTS\HA
BITU\my_app\build\app\
intermediates\assets\d
ebug\mergeDebugAssets'
[        ]   Failed 
to delete some 
children. This might 
happen because a 
process has files 
open or has its 
working directory set 
in the target 
directory.
[        ]   - C:\User
s\adiri\Documents\My 
Files\SIDE PROJECTS\HA
BITU\my_app\build\app\
intermediates\assets\d
ebug\mergeDebugAssets\
flutter_assets\fonts
[        ]   - C:\User
s\adiri\Documents\My 
Files\SIDE PROJECTS\HA
BITU\my_app\build\app\
intermediates\assets\d
ebug\mergeDebugAssets\
flutter_assets\package
s\cupertino_icons\asse
ts
[        ]   - C:\User
s\adiri\Documents\My 
Files\SIDE PROJECTS\HA
BITU\my_app\build\app\
intermediates\assets\d
ebug\mergeDebugAssets\
flutter_assets\package
s\cupertino_icons
[        ]   - C:\User
s\adiri\Documents\My 
Files\SIDE PROJECTS\HA
BITU\my_app\build\app\
intermediates\assets\d
ebug\mergeDebugAssets\
flutter_assets\package
s
[        ]   - C:\User
s\adiri\Documents\My 
Files\SIDE PROJECTS\HA
BITU\my_app\build\app\
intermediates\assets\d
ebug\mergeDebugAssets\
flutter_assets\shaders
[        ]   - C:\User
s\adiri\Documents\My 
Files\SIDE PROJECTS\HA
BITU\my_app\build\app\
intermediates\assets\d
ebug\mergeDebugAssets\
flutter_assets
[        ] 	at org.gra
dle.internal.file.impl
.DefaultDeleter.throwW
ithHelpMessage(Default
Deleter.java:233)
[        ] 	at org.gra
dle.internal.file.impl
.DefaultDeleter.delete
Recursively(DefaultDel
eter.java:117)
[        ] 	at org.gra
dle.internal.file.impl
.DefaultDeleter.delete
Recursively(DefaultDel
eter.java:72)
[   +4 ms] 	at org.gra
dle.api.tasks.Delete.c
lean(Delete.java:56)
[        ] 	at java.ba
se/jdk.internal.reflec
t.DirectMethodHandleAc
cessor.invoke(Unknown 
Source)
[        ] 	at java.ba
se/java.lang.reflect.M
ethod.invoke(Unknown 
Source)
[        ] 	at org.gra
dle.internal.reflect.J
avaMethod.invoke(JavaM
ethod.java:125)
[        ] 	... 122 
more
[        ] 	
Suppressed: java.nio.f
ile.AccessDeniedExcept
ion: C:\Users\adiri\Do
cuments\My Files\SIDE 
PROJECTS\HABITU\my_app
\build\app\intermediat
es\assets\debug\mergeD
ebugAssets\flutter_ass
ets\fonts
[        ] 		at java.b
ase/sun.nio.fs.Windows
Exception.translateToI
OException(Unknown 
Source)
[        ] 		at java.b
ase/sun.nio.fs.Windows
Exception.rethrowAsIOE
xception(Unknown 
Source)
[        ] 		at java.b
ase/sun.nio.fs.Windows
Exception.rethrowAsIOE
xception(Unknown 
Source)
[        ] 		at java.b
ase/sun.nio.fs.Windows
FileSystemProvider.imp
lDelete(Unknown 
Source)
[        ] 		at java.b
ase/sun.nio.fs.Abstrac
tFileSystemProvider.de
leteIfExists(Unknown 
Source)
[        ] 		at java.b
ase/java.nio.file.File
s.deleteIfExists(Unkno
wn Source)
[        ] 		at org.gr
adle.internal.file.imp
l.DefaultDeleter.delet
eFile(DefaultDeleter.j
ava:198)
[        ] 		at org.gr
adle.internal.file.imp
l.DefaultDeleter.tryHa
rdToDelete(DefaultDele
ter.java:186)
[        ] 		at org.gr
adle.internal.file.imp
l.DefaultDeleter.delet
eRecursively(DefaultDe
leter.java:143)
[        ] 		at org.gr
adle.internal.file.imp
l.DefaultDeleter.delet
eRecursively(DefaultDe
leter.java:134)
[        ] 		at org.gr
adle.internal.file.imp
l.DefaultDeleter.delet
eRecursively(DefaultDe
leter.java:134)
[        ] 		at org.gr
adle.internal.file.imp
l.DefaultDeleter.delet
eRecursively(DefaultDe
leter.java:115)
[        ] 		... 127 
more
[        ] 	
Suppressed: java.nio.f
ile.AccessDeniedExcept
ion: C:\Users\adiri\Do
cuments\My Files\SIDE 
PROJECTS\HABITU\my_app
\build\app\intermediat
es\assets\debug\mergeD
ebugAssets\flutter_ass
ets\packages\cupertino
_icons\assets
[        ] 		at java.b
ase/sun.nio.fs.Windows
Exception.translateToI
OException(Unknown 
Source)
[        ] 		at java.b
ase/sun.nio.fs.Windows
Exception.rethrowAsIOE
xception(Unknown 
Source)
[        ] 		at java.b
ase/sun.nio.fs.Windows
Exception.rethrowAsIOE
xception(Unknown 
Source)
[        ] 		at java.b
ase/sun.nio.fs.Windows
FileSystemProvider.imp
lDelete(Unknown 
Source)
[        ] 		at java.b
ase/sun.nio.fs.Abstrac
tFileSystemProvider.de
leteIfExists(Unknown 
Source)
[        ] 		at java.b
ase/java.nio.file.File
s.deleteIfExists(Unkno
wn Source)
[        ] 		at org.gr
adle.internal.file.imp
l.DefaultDeleter.delet
eFile(DefaultDeleter.j
ava:198)
[        ] 		at org.gr
adle.internal.file.imp
l.DefaultDeleter.tryHa
rdToDelete(DefaultDele
ter.java:186)
[        ] 		at org.gr
adle.internal.file.imp
l.DefaultDeleter.delet
eRecursively(DefaultDe
leter.java:143)
[        ] 		at org.gr
adle.internal.file.imp
l.DefaultDeleter.delet
eRecursively(DefaultDe
leter.java:134)
[        ] 		at org.gr
adle.internal.file.imp
l.DefaultDeleter.delet
eRecursively(DefaultDe
leter.java:134)
[        ] 		at org.gr
adle.internal.file.imp
l.DefaultDeleter.delet
eRecursively(DefaultDe
leter.java:134)
[        ] 		at org.gr
adle.internal.file.imp
l.DefaultDeleter.delet
eRecursively(DefaultDe
leter.java:134)
[        ] 		at org.gr
adle.internal.file.imp
l.DefaultDeleter.delet
eRecursively(DefaultDe
leter.java:115)
[        ] 		... 127 
more
[        ] 	
Suppressed: java.nio.f
ile.AccessDeniedExcept
ion: C:\Users\adiri\Do
cuments\My Files\SIDE 
PROJECTS\HABITU\my_app
\build\app\intermediat
es\assets\debug\mergeD
ebugAssets\flutter_ass
ets\packages\cupertino
_icons
[        ] 		at java.b
ase/sun.nio.fs.Windows
Exception.translateToI
OException(Unknown 
Source)
[        ] 		at java.b
ase/sun.nio.fs.Windows
Exception.rethrowAsIOE
xception(Unknown 
Source)
[        ] 		at java.b
ase/sun.nio.fs.Windows
Exception.rethrowAsIOE
xception(Unknown 
Source)
[        ] 		at java.b
ase/sun.nio.fs.Windows
FileSystemProvider.imp
lDelete(Unknown 
Source)
[        ] 		at java.b
ase/sun.nio.fs.Abstrac
tFileSystemProvider.de
leteIfExists(Unknown 
Source)
[        ] 		at java.b
ase/java.nio.file.File
s.deleteIfExists(Unkno
wn Source)
[   +6 ms] 		at org.gr
adle.internal.file.imp
l.DefaultDeleter.delet
eFile(DefaultDeleter.j
ava:198)
[        ] 		at org.gr
adle.internal.file.imp
l.DefaultDeleter.tryHa
rdToDelete(DefaultDele
ter.java:186)
[        ] 		at org.gr
adle.internal.file.imp
l.DefaultDeleter.delet
eRecursively(DefaultDe
leter.java:143)
[        ] 		at org.gr
adle.internal.file.imp
l.DefaultDeleter.delet
eRecursively(DefaultDe
leter.java:134)
[        ] 		at org.gr
adle.internal.file.imp
l.DefaultDeleter.delet
eRecursively(DefaultDe
leter.java:134)
[        ] 		at org.gr
adle.internal.file.imp
l.DefaultDeleter.delet
eRecursively(DefaultDe
leter.java:134)
[        ] 		at org.gr
adle.internal.file.imp
l.DefaultDeleter.delet
eRecursively(DefaultDe
leter.java:115)
[        ] 		... 127 
more
[        ] 	
Suppressed: java.nio.f
ile.AccessDeniedExcept
ion: C:\Users\adiri\Do
cuments\My Files\SIDE 
PROJECTS\HABITU\my_app
\build\app\intermediat
es\assets\debug\mergeD
ebugAssets\flutter_ass
ets\packages
[        ] 		at java.b
ase/sun.nio.fs.Windows
Exception.translateToI
OException(Unknown 
Source)
[        ] 		at java.b
ase/sun.nio.fs.Windows
Exception.rethrowAsIOE
xception(Unknown 
Source)
[        ] 		at java.b
ase/sun.nio.fs.Windows
Exception.rethrowAsIOE
xception(Unknown 
Source)
[        ] 		at java.b
ase/sun.nio.fs.Windows
FileSystemProvider.imp
lDelete(Unknown 
Source)
[        ] 		at java.b
ase/sun.nio.fs.Abstrac
tFileSystemProvider.de
leteIfExists(Unknown 
Source)
[        ] 		at java.b
ase/java.nio.file.File
s.deleteIfExists(Unkno
wn Source)
[        ] 		at org.gr
adle.internal.file.imp
l.DefaultDeleter.delet
eFile(DefaultDeleter.j
ava:198)
[        ] 		at org.gr
adle.internal.file.imp
l.DefaultDeleter.tryHa
rdToDelete(DefaultDele
ter.java:186)
[        ] Deprecated Gradle features were used in this build, making it incompatible with Gradle 9.0.
[        ] You can use '--warning-mode all' to show the individual deprecation warnings and determine if they come from your own scripts or plugins.
[        ] For more on this, please refer to https://docs.gradle.org/8.14/userguide/command_line_interface.html#sec:command_line_warnings in the Gradle documentation.
[        ] 10 actionable tasks: 4 executed, 6 up-to-date
[        ] Watched directory hierarchies: [C:\flutter\packages\flutter_tools\gradle]
[        ] 		at org.gr
adle.internal.file.imp
l.DefaultDeleter.delet
eRecursively(DefaultDe
leter.java:143)
[        ] 		at org.gr
adle.internal.file.imp
l.DefaultDeleter.delet
eRecursively(DefaultDe
leter.java:134)
[        ] 		at org.gr
adle.internal.file.imp
l.DefaultDeleter.delet
eRecursively(DefaultDe
leter.java:134)
[        ] 		at org.gr
adle.internal.file.imp
l.DefaultDeleter.delet
eRecursively(DefaultDe
leter.java:115)
[        ] 		... 127 
more
[        ] 	
Suppressed: java.nio.f
ile.AccessDeniedExcept
ion: C:\Users\adiri\Do
cuments\My Files\SIDE 
PROJECTS\HABITU\my_app
\build\app\intermediat
es\assets\debug\mergeD
ebugAssets\flutter_ass
ets\shaders
[        ] 		at java.b
ase/sun.nio.fs.Windows
Exception.translateToI
OException(Unknown 
Source)
[        ] 		at java.b
ase/sun.nio.fs.Windows
Exception.rethrowAsIOE
xception(Unknown 
Source)
[        ] 		at java.b
ase/sun.nio.fs.Windows
Exception.rethrowAsIOE
xception(Unknown 
Source)
[        ] 		at java.b
ase/sun.nio.fs.Windows
FileSystemProvider.imp
lDelete(Unknown 
Source)
[        ] 		at java.b
ase/sun.nio.fs.Abstrac
tFileSystemProvider.de
leteIfExists(Unknown 
Source)
[        ] 		at java.b
ase/java.nio.file.File
s.deleteIfExists(Unkno
wn Source)
[        ] 		at org.gr
adle.internal.file.imp
l.DefaultDeleter.delet
eFile(DefaultDeleter.j
ava:198)
[        ] 		at org.gr
adle.internal.file.imp
l.DefaultDeleter.tryHa
rdToDelete(DefaultDele
ter.java:186)
[        ] 		at org.gr
adle.internal.file.imp
l.DefaultDeleter.delet
eRecursively(DefaultDe
leter.java:143)
[        ] 		at org.gr
adle.internal.file.imp
l.DefaultDeleter.delet
eRecursively(DefaultDe
leter.java:134)
[        ] 		at org.gr
adle.internal.file.imp
l.DefaultDeleter.delet
eRecursively(DefaultDe
leter.java:134)
[        ] 		at org.gr
adle.internal.file.imp
l.DefaultDeleter.delet
eRecursively(DefaultDe
leter.java:115)
[        ] 		... 127 
more
[        ] 	
Suppressed: java.nio.f
ile.AccessDeniedExcept
ion: C:\Users\adiri\Do
cuments\My Files\SIDE 
PROJECTS\HABITU\my_app
\build\app\intermediat
es\assets\debug\mergeD
ebugAssets\flutter_ass
ets
[        ] 		at java.b
ase/sun.nio.fs.Windows
Exception.translateToI
OException(Unknown 
Source)
[        ] 		at java.b
ase/sun.nio.fs.Windows
Exception.rethrowAsIOE
xception(Unknown 
Source)
[        ] 		at java.b
ase/sun.nio.fs.Windows
Exception.rethrowAsIOE
xception(Unknown 
Source)
[        ] 		at java.b
ase/sun.nio.fs.Windows
FileSystemProvider.imp
lDelete(Unknown 
Source)
[  +12 ms] 		at java.b
ase/sun.nio.fs.Abstrac
tFileSystemProvider.de
leteIfExists(Unknown 
Source)
[        ] 		at java.b
ase/java.nio.file.File
s.deleteIfExists(Unkno
wn Source)
[        ] 		at org.gr
adle.internal.file.imp
l.DefaultDeleter.delet
eFile(DefaultDeleter.j
ava:198)
[        ] 		at org.gr
adle.internal.file.imp
l.DefaultDeleter.tryHa
rdToDelete(DefaultDele
ter.java:186)
[        ] 		at org.gr
adle.internal.file.imp
l.DefaultDeleter.delet
eRecursively(DefaultDe
leter.java:143)
[        ] 		at org.gr
adle.internal.file.imp
l.DefaultDeleter.delet
eRecursively(DefaultDe
leter.java:134)
[        ] 		at org.gr
adle.internal.file.imp
l.DefaultDeleter.delet
eRecursively(DefaultDe
leter.java:115)
[        ] 		... 127 
more
[        ] BUILD 
FAILED in 10s
[  +97 ms] Running Gradle task 'assembleDebug'... (completed in 10,6s)
[  +62 ms] "flutter apk" took 11ÔÇ»406ms.
[ +244 ms] Gradle 
task assembleDebug 
failed with exit code 
1
[   +1 ms] 
           #0      
throwToolExit (package
:flutter_tools/src/bas
e/common.dart:34:3)
           #1      And
roidGradleBuilder.buil
dGradleApp (package:fl
utter_tools/src/androi
d/gradle.dart:592:7)
           
<asynchronous 
suspension>
           #2      And
roidGradleBuilder.buil
dApk (package:flutter_
tools/src/android/grad
le.dart:234:5)
           
<asynchronous 
suspension>
           #3      Bui
ldApkCommand.runComman
d (package:flutter_too
ls/src/commands/build_
apk.dart:131:5)
           
<asynchronous 
suspension>
           #4      Flu
tterCommand.run.<anony
mous closure> (package
:flutter_tools/src/run
ner/flutter_command.da
rt:1559:27)
           
<asynchronous 
suspension>
           #5      App
Context.run.<anonymous
 closure> (package:flu
tter_tools/src/base/co
ntext.dart:154:19)
           
<asynchronous 
suspension>
           #6      Com
mandRunner.runCommand 
(package:args/command_
runner.dart:212:13)
           
<asynchronous 
suspension>
           #7      Flu
tterCommandRunner.runC
ommand.<anonymous 
closure> (package:flut
ter_tools/src/runner/f
lutter_command_runner.
dart:487:9)
           
<asynchronous 
suspension>
           #8      App
Context.run.<anonymous
 closure> (package:flu
tter_tools/src/base/co
ntext.dart:154:19)
           
<asynchronous 
suspension>
           #9      Flu
tterCommandRunner.runC
ommand (package:flutte
r_tools/src/runner/flu
tter_command_runner.da
rt:422:5)
           
<asynchronous 
suspension>
           #10     
run.<anonymous 
closure>.<anonymous 
closure> (package:flut
ter_tools/runner.dart:
104:11)
           
<asynchronous 
suspension>
           #11     App
Context.run.<anonymous
 closure> (package:flu
tter_tools/src/base/co
ntext.dart:154:19)
           
<asynchronous 
suspension>
           #12     
main (package:flutter_
tools/executable.dart:
103:3)
           
<asynchronous 
suspension>


[   +2 ms] Running 1 shutdown hook
[   +6 ms] Shutdown hooks complete
[ +309 ms] exiting with code 1
